<?xml version="1.0" encoding="UTF-8"?>
<testng-results ignored="0" total="1" passed="1" failed="0" skipped="0">
  <reporter-output>
  </reporter-output>
  <suite started-at="2022-03-08T15:32:09 COT" name="Default suite" finished-at="2022-03-08T15:32:30 COT" duration-ms="20660">
    <groups>
    </groups>
    <test started-at="2022-03-08T15:32:09 COT" name="Default test" finished-at="2022-03-08T15:32:30 COT" duration-ms="20660">
      <class name="DataEntry">
        <test-method is-config="true" signature="setup()[pri:0, instance:DataEntry@66d3eec0]" started-at="2022-03-08T15:32:09 COT" name="setup" finished-at="2022-03-08T15:32:13 COT" duration-ms="3603" status="PASS">
          <reporter-output>
          </reporter-output>
        </test-method> <!-- setup -->
        <test-method signature="addData()[pri:0, instance:DataEntry@66d3eec0]" started-at="2022-03-08T15:32:13 COT" name="addData" finished-at="2022-03-08T15:32:30 COT" duration-ms="17018" status="PASS">
          <reporter-output>
          </reporter-output>
        </test-method> <!-- addData -->
      </class> <!-- DataEntry -->
    </test> <!-- Default test -->
  </suite> <!-- Default suite -->
</testng-results>
